<?xml version="1.0" encoding="UTF-8"?>
<!-- Generated by org.testng.reporters.JUnitReportReporter -->
<testsuite skipped="0" hostname="Abdou-PC" name="apiTest.TestApi" tests="2" failures="0" timestamp="2020-11-07T18:29:25 GMT+01:00" time="2.628" errors="0">
  <testcase name="testGetUsers" time="2.589" classname="apiTest.TestApi"/>
  <testcase name="testGetDeps" time="0.039" classname="apiTest.TestApi"/>
</testsuite> <!-- apiTest.TestApi -->
