<?xml version="1.0" encoding="UTF-8"?>
<!-- Generated by org.testng.reporters.JUnitReportReporter -->
<testsuite skipped="0" hostname="Abdou-PC" name="apiTest.TestGet" tests="2" failures="0" timestamp="2020-11-07T17:20:41 GMT+01:00" time="5.294" errors="0">
  <testcase name="testGet" time="4.469" classname="apiTest.TestGet"/>
  <testcase name="testPost" time="0.825" classname="apiTest.TestGet"/>
</testsuite> <!-- apiTest.TestGet -->
