<?xml version="1.0" encoding="UTF-8"?>
<!-- Generated by org.testng.reporters.JUnitReportReporter -->
<testsuite skipped="0" hostname="Abdou-PC" name="apiTest.TestApiDepartments" tests="8" failures="0" timestamp="2020-11-07T21:13:58 GMT+01:00" time="2.936" errors="0">
  <testcase name="testGetDeps" time="2.619" classname="apiTest.TestApiDepartments"/>
  <testcase name="testGetDeps1WithUsers" time="0.042" classname="apiTest.TestApiDepartments"/>
  <testcase name="testGetDeps2WithUsers" time="0.032" classname="apiTest.TestApiDepartments"/>
  <testcase name="testGetDepsWithParams" time="0.051" classname="apiTest.TestApiDepartments"/>
  <testcase name="testAddDepart" time="0.087" classname="apiTest.TestApiDepartments"/>
  <testcase name="testPutDepart" time="0.036" classname="apiTest.TestApiDepartments"/>
  <testcase name="testPatchUser" time="0.035" classname="apiTest.TestApiDepartments"/>
  <testcase name="testDeleteUser" time="0.034" classname="apiTest.TestApiDepartments"/>
</testsuite> <!-- apiTest.TestApiDepartments -->
